\BOOKMARK [0][-]{chapter.1}{Einf\374hrung}{}% 1
\BOOKMARK [0][-]{chapter.2}{Stochastischer Diskont-Faktor Ansatz}{}% 2
\BOOKMARK [1][-]{section.2.1}{Pr\344ferenzen der Investoren}{chapter.2}% 3
\BOOKMARK [1][-]{section.2.2}{Beispiele f\374r Nutzenfunktionen}{chapter.2}% 4
\BOOKMARK [1][-]{section.2.3}{Zentrale Bewertungsbeziehung}{chapter.2}% 5
\BOOKMARK [1][-]{section.2.4}{Stochastischer Diskontfaktor}{chapter.2}% 6
\BOOKMARK [1][-]{section.2.5}{Beispiele f\374r Preise und Zahlungen}{chapter.2}% 7
\BOOKMARK [0][-]{chapter.3}{Klassische Theorien}{}% 8
\BOOKMARK [1][-]{section.3.1}{\326konomie der Zinsen}{chapter.3}% 9
\BOOKMARK [1][-]{section.3.2}{Risikoanpassung}{chapter.3}% 10
\BOOKMARK [1][-]{section.3.3}{Unsystematisches Risiko}{chapter.3}% 11
\BOOKMARK [1][-]{section.3.4}{Beta als Risikoma\337}{chapter.3}% 12
\BOOKMARK [1][-]{section.3.5}{Der \205Rand}{chapter.3}% 13
\BOOKMARK [1][-]{section.3.6}{Equity Premium Puzzle}{chapter.3}% 14
\BOOKMARK [0][-]{chapter.4}{Contigent Claims}{}% 15
\BOOKMARK [1][-]{section.4.1}{Diskontfaktor im vollst\344ndigen Markt}{chapter.4}% 16
\BOOKMARK [1][-]{section.4.2}{Risikoneutrale Wahrscheinlichkeiten}{chapter.4}% 17
\BOOKMARK [1][-]{section.4.3}{Kalk\374l in Contingent Claim M\344rkten}{chapter.4}% 18
\BOOKMARK [0][-]{chapter.5}{Faktormodelle}{}% 19
\BOOKMARK [1][-]{section.5.1}{Grundidee der Faktormodelle}{chapter.5}% 20
\BOOKMARK [1][-]{section.5.2}{Capital Asset Pricing Modell}{chapter.5}% 21
\BOOKMARK [1][-]{section.5.3}{Arbitrage Pricing Theorie}{chapter.5}% 22
\BOOKMARK [1][-]{section.5.4}{Faktormodelle und Diskontfaktoren}{chapter.5}% 23
\BOOKMARK [1][-]{section.5.5}{Faktormodelle und empirische Evidenz}{chapter.5}% 24
\BOOKMARK [0][-]{chapter.6}{Anhang}{}% 25
